<?xml version="1.0" encoding="UTF-8"?>
<!-- Generated by org.testng.reporters.JUnitReportReporter -->
<testsuite hostname="Sriram" failures="0" tests="5" name="com.TestNG.CrossBrowser" time="34.863" errors="0" timestamp="2024-09-19T18:36:55 IST" skipped="0">
  <testcase classname="com.TestNG.CrossBrowser" name="chrome2" time="2.705"/>
  <system-out/>
  <testcase classname="com.TestNG.CrossBrowser" name="chrome1" time="2.644"/>
  <system-out/>
  <testcase classname="com.TestNG.CrossBrowser" name="friefox" time="8.968"/>
  <system-out/>
  <testcase classname="com.TestNG.CrossBrowser" name="friefox" time="8.358"/>
  <system-out/>
  <testcase classname="com.TestNG.CrossBrowser" name="edge" time="12.188"/>
  <system-out/>
</testsuite> <!-- com.TestNG.CrossBrowser -->
