<?xml version="1.0" encoding="UTF-8"?>
<!-- Generated by org.testng.reporters.JUnitReportReporter -->
<testsuite hostname="Sriram" failures="0" tests="6" name="com.TestNG.Grouping" time="0.061" errors="0" timestamp="2024-09-20T22:46:16 IST" skipped="0">
  <testcase classname="com.TestNG.Grouping" name="cricket" time="0.012"/>
  <system-out/>
  <testcase classname="com.TestNG.Grouping" name="running" time="0.004"/>
  <system-out/>
  <testcase classname="com.TestNG.Grouping" name="football" time="0.011"/>
  <system-out/>
  <testcase classname="com.TestNG.Grouping" name="javelinThrow" time="0.011"/>
  <system-out/>
  <testcase classname="com.TestNG.Grouping" name="marathon" time="0.012"/>
  <system-out/>
  <testcase classname="com.TestNG.Grouping" name="handball" time="0.011"/>
  <system-out/>
</testsuite> <!-- com.TestNG.Grouping -->
